<?xml version="1.0" encoding="UTF-8"?>
<!-- Generated by org.testng.reporters.JUnitReportReporter -->
<testsuite hostname="Gopi" failures="0" tests="3" name="testNGPractice.Suite" time="4.234" errors="0" timestamp="2022-02-03T11:36:30 GMT" skipped="0">
  <testcase classname="testNGPractice.Suite" name="openBing" time="1.510"/>
  <system-out/>
  <testcase classname="testNGPractice.Suite" name="openYahoo" time="0.763"/>
  <system-out/>
  <testcase classname="testNGPractice.Suite" name="openGoogle" time="1.961"/>
  <system-out/>
</testsuite> <!-- testNGPractice.Suite -->
