<?xml version="1.0" encoding="UTF-8"?>
<!-- Generated by org.testng.reporters.JUnitReportReporter -->
<testsuite hostname="Gopi" failures="0" tests="1" name="testNGPractice.NewTest" time="0.013" errors="0" timestamp="2022-02-03T14:59:24 GMT" skipped="0">
  <testcase classname="testNGPractice.NewTest" name="firstTestcase" time="0.013"/>
  <system-out/>
</testsuite> <!-- testNGPractice.NewTest -->
