<?xml version="1.0" encoding="UTF-8"?>
<!-- Generated by org.testng.reporters.JUnitReportReporter -->
<testsuite hostname="Gopi" failures="0" tests="1" name="testNGPractice.ParameterizationExamples" time="0.015" errors="0" timestamp="2022-02-03T12:02:42 GMT" skipped="0">
  <testcase classname="testNGPractice.ParameterizationExamples" name="printName" time="0.015"/>
  <system-out/>
</testsuite> <!-- testNGPractice.ParameterizationExamples -->
