<?xml version="1.0" encoding="UTF-8"?>
<!-- Generated by org.testng.reporters.JUnitReportReporter -->
<testsuite hostname="Gopi" failures="0" tests="2" name="testNGPractice.ParallelTesting" time="11.551" errors="0" timestamp="2022-02-07T16:28:04 GMT" skipped="0">
  <testcase classname="testNGPractice.ParallelTesting" name="openGoogle" time="5.776"/>
  <system-out/>
  <testcase classname="testNGPractice.ParallelTesting" name="openBing" time="5.775"/>
  <system-out/>
</testsuite> <!-- testNGPractice.ParallelTesting -->
