<?xml version="1.0" encoding="UTF-8"?>
<!-- Generated by org.testng.reporters.JUnitReportReporter -->
<testsuite hostname="Gopi" failures="0" tests="3" name="testNGPractice.GroupingExample" time="0.014" errors="0" timestamp="2022-02-03T11:34:17 GMT" skipped="0">
  <testcase classname="testNGPractice.GroupingExample" name="samsung2" time="0.002"/>
  <system-out/>
  <testcase classname="testNGPractice.GroupingExample" name="samsung1" time="0.010"/>
  <system-out/>
  <testcase classname="testNGPractice.GroupingExample" name="vivo1" time="0.002"/>
  <system-out/>
</testsuite> <!-- testNGPractice.GroupingExample -->
