<?xml version="1.0" encoding="UTF-8"?>
<!-- Generated by org.testng.reporters.JUnitReportReporter -->
<testsuite hostname="Gopi" failures="0" tests="4" name="testNGPractice.SkipATest" time="0.017" errors="0" timestamp="2022-02-03T11:36:30 GMT" skipped="1">
  <testcase classname="testNGPractice.SkipATest" name="firstTestcase" time="0.007"/>
  <system-out/>
  <testcase classname="testNGPractice.SkipATest" name="secondTestcase" time="0.008"/>
  <system-out/>
  <testcase classname="testNGPractice.SkipATest" name="fourthTestcase" time="0.002"/>
  <system-out/>
  <testcase classname="testNGPractice.SkipATest" name="thirdTestcase">
    <skipped/>
  </testcase> <!-- thirdTestcase -->
  <system-out/>
</testsuite> <!-- testNGPractice.SkipATest -->
