<?xml version="1.0" encoding="UTF-8"?>
<!-- Generated by org.testng.reporters.JUnitReportReporter -->
<testsuite hostname="Gopi" failures="0" tests="3" name="testNGPractice.Dependencies" time="0.009" errors="0" timestamp="2022-02-03T11:36:30 GMT" skipped="0">
  <testcase classname="testNGPractice.Dependencies" name="Engineering" time="0.002"/>
  <system-out/>
  <testcase classname="testNGPractice.Dependencies" name="highSchool" time="0.005"/>
  <system-out/>
  <testcase classname="testNGPractice.Dependencies" name="higherSecondarySchool" time="0.002"/>
  <system-out/>
</testsuite> <!-- testNGPractice.Dependencies -->
